<?xml version="1.0" encoding="UTF-8" ?>
<testsuite tests="16" failures="0" name="com.mycompany.unicafe.KassapaateTest" time="0.112" errors="0" skipped="0">
  <properties>
[...]
</properties>
  <testcase classname="com.mycompany.unicafe.KassapaateTest" name="ostomaukas2" time="0.002"/>
  <testcase classname="com.mycompany.unicafe.KassapaateTest" name="saldo2" time="0"/>
  <testcase classname="com.mycompany.unicafe.KassapaateTest" name="saldo3" time="0.001"/>
  <testcase classname="com.mycompany.unicafe.KassapaateTest" name="korttilataus2" time="0"/>
  <testcase classname="com.mycompany.unicafe.KassapaateTest" name="korttiosto2" time="0"/>
  <testcase classname="com.mycompany.unicafe.KassapaateTest" name="korttiosto3" time="0"/>
  <testcase classname="com.mycompany.unicafe.KassapaateTest" name="korttiosto4" time="0"/>
  <testcase classname="com.mycompany.unicafe.KassapaateTest" name="ostoedullinen2" time="0"/>
  <testcase classname="com.mycompany.unicafe.KassapaateTest" name="edullisia" time="0"/>
  <testcase classname="com.mycompany.unicafe.KassapaateTest" name="rahaa" time="0"/>
  <testcase classname="com.mycompany.unicafe.KassapaateTest" name="saldo" time="0"/>
  <testcase classname="com.mycompany.unicafe.KassapaateTest" name="korttilataus" time="0"/>
  <testcase classname="com.mycompany.unicafe.KassapaateTest" name="ostoedullinen" time="0"/>
  <testcase classname="com.mycompany.unicafe.KassapaateTest" name="ostomaukas" time="0"/>
  <testcase classname="com.mycompany.unicafe.KassapaateTest" name="maukkauta" time="0"/>
  <testcase classname="com.mycompany.unicafe.KassapaateTest" name="korttiosto" time="0.001"/>
</testsuite>